Arguments: 
  C:\Program Files\nodejs\node.exe C:\Users\idide\Desktop\backBokooO\.yarn\releases\yarn-1.22.19.cjs add node 18.16.0

PATH: 
  C:\Python311\Scripts\;C:\Python311\;C:\WINDOWS\system32;C:\WINDOWS;C:\WINDOWS\System32\Wbem;C:\WINDOWS\System32\WindowsPowerShell\v1.0\;C:\WINDOWS\System32\OpenSSH\;C:\xampp\php;C:\ProgramData\ComposerSetup\bin;C:\php-8.2.2;C:\ProgramData\chocolatey\bin;C:\Users\idide\AppData\Roaming\nvm;C:\Program Files\nodejs;C:\Program Files (x86)\dotnet\;C:\Program Files\Docker\Docker\resources\bin;C:\Program Files\Git\cmd;C:\Users\idide\scoop\shims;C:\Users\idide\AppData\Local\Microsoft\WindowsApps;C:\Users\idide\AppData\Local\Programs\Microsoft VS Code\bin;C:\Users\idide\AppData\Roaming\Composer\vendor\bin;C:\xampp\php;C:\Users\idide\AppData\Roaming\npm;C:\Users\idide\AppData\Local\GitHubDesktop\bin;C:\Users\idide\AppData\Roaming\nvm;C:\Program Files\nodejs;C:\Program Files\heroku\bin

Yarn version: 
  1.22.19

Node version: 
  18.16.0

Platform: 
  win32 x64

Trace: 
  Error: https://registry.yarnpkg.com/18.16.0: Not found
      at params.callback [as _callback] (C:\Users\idide\Desktop\backBokooO\.yarn\releases\yarn-1.22.19.cjs:77675:18)
      at self.callback (C:\Users\idide\Desktop\backBokooO\.yarn\releases\yarn-1.22.19.cjs:135297:22)
      at Request.emit (node:events:513:28)
      at Request.<anonymous> (C:\Users\idide\Desktop\backBokooO\.yarn\releases\yarn-1.22.19.cjs:136269:10)
      at Request.emit (node:events:513:28)
      at IncomingMessage.<anonymous> (C:\Users\idide\Desktop\backBokooO\.yarn\releases\yarn-1.22.19.cjs:136191:12)
      at Object.onceWrapper (node:events:627:28)
      at IncomingMessage.emit (node:events:525:35)
      at endReadableNT (node:internal/streams/readable:1359:12)
      at process.processTicksAndRejections (node:internal/process/task_queues:82:21)

npm manifest: 
  {
    "name": "keystone-app",
    "version": "1.0.2",
    "private": true,
    "scripts": {
      "dev": "keystone dev",
      "start": "keystone start",
      "build": "keystone build",
      "postinstall": "keystone build --no-ui --frozen"
    },
    "dependencies": {
      "@keystone-6/auth": "^7.0.0",
      "@keystone-6/cloudinary": "^7.0.0",
      "@keystone-6/core": "^5.1.0",
      "@keystone-6/fields-document": "^7.0.0",
      "@keystone-next/cloudinary": "^6.0.6",
      "@keystone-next/fields": "^15.0.0",
      "@keystone-next/keystone": "^14.0.1",
      "cors": "^2.8.5",
      "libphonenumber-js": "^1.10.24",
      "multer": "^1.4.5-lts.1",
      "mysql": "^2.18.1",
      "next": "^13.3.4",
      "paydunya": "^1.0.0",
      "typescript": "^4.9.5"
    }
  }

yarn manifest: 
  No manifest

Lockfile: 
  No lockfile
